<?xml version="1.0" encoding="UTF-8"?>
<!-- Generated by org.testng.reporters.JUnitReportReporter -->
<testsuite hostname="DESKTOP-5DJG0VO" failures="0" tests="2" name="com.finsBury.SCM.System.AddProductTest" time="36.649" errors="0" timestamp="01 Jun 2024 04:17:12 GMT" skipped="0">
  <testcase classname="com.finsBury.SCM.System.AddProductTest" name="addProductTest" time="18.324"/>
  <testcase classname="com.finsBury.SCM.System.AddProductTest" name="addProductTest" time="18.325"/>
</testsuite> <!-- com.finsBury.SCM.System.AddProductTest -->
