<?xml version="1.0" encoding="UTF-8"?>
<!-- Generated by org.testng.reporters.JUnitReportReporter -->
<testsuite hostname="DESKTOP-5DJG0VO" failures="0" tests="1" name="com.comcast.crm.contacttest.SampleTest" time="13.094" errors="0" timestamp="29 May 2024 07:52:17 GMT" skipped="0">
  <testcase classname="com.comcast.crm.contacttest.SampleTest" name="createConTactTest" time="13.094"/>
</testsuite> <!-- com.comcast.crm.contacttest.SampleTest -->
