<?xml version="1.0" encoding="UTF-8"?>
<!-- Generated by org.testng.reporters.JUnitReportReporter -->
<testsuite hostname="DESKTOP-5DJG0VO" failures="0" tests="1" name="com.finsBury.SCM.System.AddCategoryAndEditCategoryTest" time="17.026" errors="0" timestamp="31 May 2024 12:10:21 GMT" skipped="0">
  <testcase classname="com.finsBury.SCM.System.AddCategoryAndEditCategoryTest" name="addCategoryAndEditCategoryTest" time="17.026"/>
</testsuite> <!-- com.finsBury.SCM.System.AddCategoryAndEditCategoryTest -->
