<?xml version="1.0" encoding="UTF-8"?>
<!-- Generated by org.testng.reporters.JUnitReportReporter -->
<testsuite hostname="DESKTOP-5DJG0VO" failures="0" tests="1" name="com.finsBury.SCM.System.AddAndDeleteUnitTest" time="9.429" errors="0" timestamp="01 Jun 2024 04:26:08 GMT" skipped="0">
  <testcase classname="com.finsBury.SCM.System.AddAndDeleteUnitTest" name="addAndDeleteUnit" time="9.429"/>
</testsuite> <!-- com.finsBury.SCM.System.AddAndDeleteUnitTest -->
