<?xml version="1.0" encoding="UTF-8"?>
<!-- Generated by org.testng.reporters.JUnitReportReporter -->
<testsuite hostname="DESKTOP-5DJG0VO" failures="0" tests="3" name="com.finsBury.SCM.System.supplySyncAllTest" time="15.869" errors="0" timestamp="31 May 2024 13:22:29 GMT" skipped="0">
  <testcase classname="com.finsBury.SCM.System.supplySyncAllTest" name="addAndDeleteUnit" time="6.648"/>
  <testcase classname="com.finsBury.SCM.System.supplySyncAllTest" name="addCategoryAndEditCategoryTest" time="6.619"/>
  <testcase classname="com.finsBury.SCM.System.supplySyncAllTest" name="addProductTest" time="2.602"/>
</testsuite> <!-- com.finsBury.SCM.System.supplySyncAllTest -->
